<?xml version="1.0" encoding="UTF-8"?>
<!-- Generated by org.testng.reporters.JUnitXMLReporter -->
<testsuite hostname="DESKTOP-DC5AICV" ignored="0" name="Default test" tests="32" failures="0" timestamp="29 Nov 2017 05:28:52 GMT" time="729.133" errors="0">
  <testcase name="loginTest" time="12.68" classname="com.hoopshe.tests.newLoginpagetest"/>
  <testcase name="loginTest" time="7.285" classname="com.hoopshe.tests.newLoginpagetest"/>
  <testcase name="loginTest" time="7.29" classname="com.hoopshe.tests.newLoginpagetest"/>
  <testcase name="loginTest" time="7.258" classname="com.hoopshe.tests.newLoginpagetest"/>
  <testcase name="loginTest" time="10.589" classname="com.hoopshe.tests.newLoginpagetest"/>
  <testcase name="loginTest" time="5.494" classname="com.hoopshe.tests.Loginpagetest"/>
  <testcase name="posting" time="37.898" classname="com.hoopshe.tests.Posting_test"/>
  <testcase name="posting" time="27.001" classname="com.hoopshe.tests.Posting_test"/>
  <testcase name="posting" time="26.589" classname="com.hoopshe.tests.Posting_test"/>
  <testcase name="posting" time="29.01" classname="com.hoopshe.tests.Posting_test"/>
  <testcase name="posting" time="28.928" classname="com.hoopshe.tests.Posting_test"/>
  <testcase name="loginTest" time="5.489" classname="com.hoopshe.tests.Loginpagetest"/>
  <testcase name="posting" time="12.337" classname="com.hoopshe.tests.Postvarificationtest"/>
  <testcase name="posting" time="10.857" classname="com.hoopshe.tests.Postvarificationtest"/>
  <testcase name="posting" time="15.982" classname="com.hoopshe.tests.Postvarificationtest"/>
  <testcase name="posting" time="16.696" classname="com.hoopshe.tests.Postvarificationtest"/>
  <testcase name="posting" time="24.306" classname="com.hoopshe.tests.Postvarificationtest"/>
  <testcase name="loginTest" time="10.36" classname="com.hoopshe.tests.Loginpagetest"/>
  <testcase name="loginTest" time="5.491" classname="com.hoopshe.tests.Loginpagetest"/>
  <testcase name="premium_posting" time="54.389" classname="com.hoopshe.tests.Premiumtest"/>
  <testcase name="premium_posting" time="57.275" classname="com.hoopshe.tests.Premiumtest"/>
  <testcase name="loginTest" time="12.71" classname="com.hoopshe.tests.Sign_in_test"/>
  <testcase name="loginTest" time="12.572" classname="com.hoopshe.tests.Sign_in_test"/>
  <testcase name="loginTest" time="12.636" classname="com.hoopshe.tests.Sign_in_test"/>
  <testcase name="loginTest" time="12.527" classname="com.hoopshe.tests.Sign_in_test"/>
  <testcase name="loginTest" time="12.67" classname="com.hoopshe.tests.Sign_in_test"/>
  <testcase name="loginTest" time="12.674" classname="com.hoopshe.tests.Sign_in_test"/>
  <testcase name="loginTest" time="12.39" classname="com.hoopshe.tests.Sign_in_test"/>
  <testcase name="loginTest" time="12.591" classname="com.hoopshe.tests.Sign_in_test"/>
  <testcase name="loginTest" time="5.459" classname="com.hoopshe.tests.Loginpagetest"/>
  <testcase name="filter" time="55.548" classname="com.hoopshe.tests.pFiltertest"/>
  <testcase name="filter" time="55.5" classname="com.hoopshe.tests.pFiltertest"/>
</testsuite> <!-- Default test -->
